2020-05-10 11:36:56 [restartedMain] INFO  com.shu.mpadmin.MpadminApplication -Starting MpadminApplication on DESKTOP-PLOGNTV with PID 12820 (D:\IDEA_WORK\mpadmin\target\classes started by Administrator in D:\IDEA_WORK\mpadmin)
2020-05-10 11:36:56 [restartedMain] INFO  com.shu.mpadmin.MpadminApplication -No active profile set, falling back to default profiles: default
2020-05-10 11:36:57 [restartedMain] INFO  o.s.b.d.env.DevToolsPropertyDefaultsPostProcessor -Devtools property defaults active! Set 'spring.devtools.add-properties' to 'false' to disable
2020-05-10 11:36:57 [restartedMain] INFO  o.s.b.d.env.DevToolsPropertyDefaultsPostProcessor -For additional web related logging consider setting the 'logging.level.web' property to 'DEBUG'
2020-05-10 11:37:00 [restartedMain] INFO  o.s.boot.web.embedded.tomcat.TomcatWebServer -Tomcat initialized with port(s): 9090 (https)
2020-05-10 11:37:00 [restartedMain] INFO  org.apache.catalina.core.StandardService -Starting service [Tomcat]
2020-05-10 11:37:00 [restartedMain] INFO  org.apache.catalina.core.StandardEngine -Starting Servlet engine: [Apache Tomcat/9.0.33]
2020-05-10 11:37:00 [restartedMain] INFO  o.a.c.core.ContainerBase.[Tomcat].[localhost].[/] -Initializing Spring embedded WebApplicationContext
2020-05-10 11:37:00 [restartedMain] INFO  org.springframework.web.context.ContextLoader -Root WebApplicationContext: initialization completed in 3332 ms
2020-05-10 11:37:02 [restartedMain] INFO  s.d.s.w.PropertySourcedRequestMappingHandlerMapping -Mapped URL path [/v2/api-docs] onto method [springfox.documentation.swagger2.web.Swagger2Controller#getDocumentation(String, HttpServletRequest)]
2020-05-10 11:37:02 [restartedMain] INFO  o.s.scheduling.concurrent.ThreadPoolTaskExecutor -Initializing ExecutorService 'applicationTaskExecutor'
2020-05-10 11:37:03 [restartedMain] INFO  o.s.b.d.autoconfigure.OptionalLiveReloadServer -LiveReload server is running on port 35729
2020-05-10 11:37:03 [restartedMain] INFO  s.d.s.web.plugins.DocumentationPluginsBootstrapper -Context refreshed
2020-05-10 11:37:03 [restartedMain] INFO  s.d.s.web.plugins.DocumentationPluginsBootstrapper -Found 1 custom documentation plugin(s)
2020-05-10 11:37:03 [restartedMain] INFO  s.d.spring.web.scanners.ApiListingReferenceScanner -Scanning for api listing references
2020-05-10 11:37:03 [restartedMain] WARN  s.d.s.w.readers.parameter.ParameterDataTypeReader -Trying to infer dataType java.lang.Integer[]
2020-05-10 11:37:03 [restartedMain] INFO  s.d.s.w.r.operation.CachingOperationNameGenerator -Generating unique operation named: deleteUserUsingDELETE_1
2020-05-10 11:37:05 [restartedMain] INFO  o.s.boot.web.embedded.tomcat.TomcatWebServer -Tomcat started on port(s): 9090 (https) with context path ''
2020-05-10 11:37:05 [restartedMain] INFO  com.shu.mpadmin.MpadminApplication -Started MpadminApplication in 9.114 seconds (JVM running for 13.446)
2020-05-10 11:37:41 [https-jsse-nio-9090-exec-5] INFO  o.a.c.core.ContainerBase.[Tomcat].[localhost].[/] -Initializing Spring DispatcherServlet 'dispatcherServlet'
2020-05-10 11:37:41 [https-jsse-nio-9090-exec-5] INFO  org.springframework.web.servlet.DispatcherServlet -Initializing Servlet 'dispatcherServlet'
2020-05-10 11:37:41 [https-jsse-nio-9090-exec-5] INFO  org.springframework.web.servlet.DispatcherServlet -Completed initialization in 72 ms
2020-05-10 11:37:41 [https-jsse-nio-9090-exec-5] INFO  com.shu.mpadmin.controller.MpUserController -后台登录接口,/shu/admin/login,参数：userName = suichen, passWord=1234567
2020-05-10 11:37:41 [https-jsse-nio-9090-exec-5] INFO  com.zaxxer.hikari.HikariDataSource -HikariPool-1 - Starting...
2020-05-10 11:37:41 [https-jsse-nio-9090-exec-5] WARN  com.zaxxer.hikari.util.DriverDataSource -Registered driver with driverClassName=com.mysql.jdbc.Driver was not found, trying direct instantiation.
2020-05-10 11:37:41 [https-jsse-nio-9090-exec-5] INFO  com.zaxxer.hikari.HikariDataSource -HikariPool-1 - Start completed.
2020-05-10 11:37:44 [https-jsse-nio-9090-exec-6] INFO  com.shu.mpadmin.controller.MpUserController -分页查询所有用户信息,/shu/admin/getAllUser
2020-05-10 11:39:18 [https-jsse-nio-9090-exec-1] INFO  com.shu.mpadmin.controller.MpUserController -查询Exam测试,/shu/admin/exam,参数 examId =null
2020-05-10 11:39:22 [https-jsse-nio-9090-exec-2] INFO  com.shu.mpadmin.controller.MpUserController -查询Exam测试,/shu/admin/exam,参数 examId =null
2020-05-10 11:39:26 [https-jsse-nio-9090-exec-3] INFO  com.shu.mpadmin.controller.MpUserController -查询Exam测试,/shu/admin/exam,参数 examId =null
2020-05-10 11:43:27 [https-jsse-nio-9090-exec-8] INFO  com.shu.mpadmin.controller.MpUserController -分页查询所有用户信息,/shu/admin/getAllUser
2020-05-10 11:43:48 [https-jsse-nio-9090-exec-10] INFO  com.shu.mpadmin.controller.MpUserController -分页查询所有用户信息,/shu/admin/getAllUser
2020-05-10 11:43:56 [https-jsse-nio-9090-exec-9] INFO  com.shu.mpadmin.controller.MpUserController -分页查询所有用户信息,/shu/admin/getAllUser
2020-05-10 11:45:03 [https-jsse-nio-9090-exec-5] INFO  com.shu.mpadmin.controller.MpUserController -分页查询所有用户信息,/shu/admin/getAllUser
2020-05-10 11:46:02 [https-jsse-nio-9090-exec-6] INFO  com.shu.mpadmin.controller.MpUserController -分页查询所有用户信息,/shu/admin/getAllUser
2020-05-10 11:46:30 [https-jsse-nio-9090-exec-7] INFO  com.shu.mpadmin.controller.MpUserController -分页查询所有用户信息,/shu/admin/getAllUser
2020-05-10 11:46:47 [https-jsse-nio-9090-exec-8] INFO  com.shu.mpadmin.controller.MpUserController -分页查询所有用户信息,/shu/admin/getAllUser
2020-05-10 11:46:50 [https-jsse-nio-9090-exec-10] INFO  com.shu.mpadmin.controller.MpUserController -分页查询所有用户信息,/shu/admin/getAllUser
2020-05-10 11:47:50 [https-jsse-nio-9090-exec-5] INFO  com.shu.mpadmin.controller.MpUserController -分页查询所有用户信息,/shu/admin/getAllUser
2020-05-10 11:47:55 [https-jsse-nio-9090-exec-6] INFO  com.shu.mpadmin.controller.MpUserController -分页查询所有用户信息,/shu/admin/getAllUser
2020-05-10 11:48:00 [https-jsse-nio-9090-exec-7] INFO  com.shu.mpadmin.controller.MpUserController -分页查询所有用户信息,/shu/admin/getAllUser
2020-05-10 11:48:36 [https-jsse-nio-9090-exec-8] INFO  com.shu.mpadmin.controller.MpUserController -分页查询所有用户信息,/shu/admin/getAllUser
2020-05-10 11:48:42 [https-jsse-nio-9090-exec-10] INFO  com.shu.mpadmin.controller.MpUserController -分页查询所有用户信息,/shu/admin/getAllUser
2020-05-10 11:48:47 [https-jsse-nio-9090-exec-9] INFO  com.shu.mpadmin.controller.MpUserController -分页查询所有用户信息,/shu/admin/getAllUser
2020-05-10 11:48:53 [https-jsse-nio-9090-exec-1] INFO  com.shu.mpadmin.controller.MpUserController -分页查询所有用户信息,/shu/admin/getAllUser
2020-05-10 12:22:47 [https-jsse-nio-9090-exec-6] INFO  com.shu.mpadmin.controller.MpUserController -分页查询所有用户信息,/shu/admin/getAllUser
2020-05-10 12:22:55 [https-jsse-nio-9090-exec-7] INFO  com.shu.mpadmin.controller.MpUserController -分页查询所有用户信息,/shu/admin/getAllUser
2020-05-10 12:23:02 [https-jsse-nio-9090-exec-8] INFO  com.shu.mpadmin.controller.MpUserController -分页查询所有用户信息,/shu/admin/getAllUser
2020-05-10 12:26:41 [https-jsse-nio-9090-exec-3] INFO  com.shu.mpadmin.controller.MpUserController -分页查询所有用户信息,/shu/admin/getAllUser
2020-05-10 12:29:24 [restartedMain] INFO  com.shu.mpadmin.MpadminApplication -Starting MpadminApplication on DESKTOP-PLOGNTV with PID 10912 (D:\IDEA_WORK\mpadmin\target\classes started by Administrator in D:\IDEA_WORK\mpadmin)
2020-05-10 12:29:24 [restartedMain] INFO  com.shu.mpadmin.MpadminApplication -No active profile set, falling back to default profiles: default
2020-05-10 12:29:24 [restartedMain] INFO  o.s.b.d.env.DevToolsPropertyDefaultsPostProcessor -Devtools property defaults active! Set 'spring.devtools.add-properties' to 'false' to disable
2020-05-10 12:29:24 [restartedMain] INFO  o.s.b.d.env.DevToolsPropertyDefaultsPostProcessor -For additional web related logging consider setting the 'logging.level.web' property to 'DEBUG'
2020-05-10 12:29:27 [restartedMain] INFO  o.s.boot.web.embedded.tomcat.TomcatWebServer -Tomcat initialized with port(s): 9090 (https)
2020-05-10 12:29:27 [restartedMain] INFO  org.apache.catalina.core.StandardService -Starting service [Tomcat]
2020-05-10 12:29:27 [restartedMain] INFO  org.apache.catalina.core.StandardEngine -Starting Servlet engine: [Apache Tomcat/9.0.33]
2020-05-10 12:29:27 [restartedMain] INFO  o.a.c.core.ContainerBase.[Tomcat].[localhost].[/] -Initializing Spring embedded WebApplicationContext
2020-05-10 12:29:27 [restartedMain] INFO  org.springframework.web.context.ContextLoader -Root WebApplicationContext: initialization completed in 2719 ms
2020-05-10 12:29:28 [restartedMain] INFO  s.d.s.w.PropertySourcedRequestMappingHandlerMapping -Mapped URL path [/v2/api-docs] onto method [springfox.documentation.swagger2.web.Swagger2Controller#getDocumentation(String, HttpServletRequest)]
2020-05-10 12:29:28 [restartedMain] INFO  o.s.scheduling.concurrent.ThreadPoolTaskExecutor -Initializing ExecutorService 'applicationTaskExecutor'
2020-05-10 12:29:28 [restartedMain] INFO  o.s.b.d.autoconfigure.OptionalLiveReloadServer -LiveReload server is running on port 35729
2020-05-10 12:29:28 [restartedMain] INFO  s.d.s.web.plugins.DocumentationPluginsBootstrapper -Context refreshed
2020-05-10 12:29:28 [restartedMain] INFO  s.d.s.web.plugins.DocumentationPluginsBootstrapper -Found 1 custom documentation plugin(s)
2020-05-10 12:29:29 [restartedMain] INFO  s.d.spring.web.scanners.ApiListingReferenceScanner -Scanning for api listing references
2020-05-10 12:29:29 [restartedMain] WARN  s.d.s.w.readers.parameter.ParameterDataTypeReader -Trying to infer dataType java.lang.Integer[]
2020-05-10 12:29:29 [restartedMain] INFO  s.d.s.w.r.operation.CachingOperationNameGenerator -Generating unique operation named: deleteUserUsingDELETE_1
2020-05-10 12:29:30 [restartedMain] INFO  o.s.boot.web.embedded.tomcat.TomcatWebServer -Tomcat started on port(s): 9090 (https) with context path ''
2020-05-10 12:29:30 [restartedMain] INFO  com.shu.mpadmin.MpadminApplication -Started MpadminApplication in 6.644 seconds (JVM running for 8.906)
2020-05-10 12:29:37 [https-jsse-nio-9090-exec-4] INFO  o.a.c.core.ContainerBase.[Tomcat].[localhost].[/] -Initializing Spring DispatcherServlet 'dispatcherServlet'
2020-05-10 12:29:37 [https-jsse-nio-9090-exec-4] INFO  org.springframework.web.servlet.DispatcherServlet -Initializing Servlet 'dispatcherServlet'
2020-05-10 12:29:37 [https-jsse-nio-9090-exec-4] INFO  org.springframework.web.servlet.DispatcherServlet -Completed initialization in 6 ms
2020-05-10 12:31:46 [restartedMain] INFO  com.shu.mpadmin.MpadminApplication -Starting MpadminApplication on DESKTOP-PLOGNTV with PID 188 (D:\IDEA_WORK\mpadmin\target\classes started by Administrator in D:\IDEA_WORK\mpadmin)
2020-05-10 12:31:46 [restartedMain] INFO  com.shu.mpadmin.MpadminApplication -No active profile set, falling back to default profiles: default
2020-05-10 12:31:46 [restartedMain] INFO  o.s.b.d.env.DevToolsPropertyDefaultsPostProcessor -Devtools property defaults active! Set 'spring.devtools.add-properties' to 'false' to disable
2020-05-10 12:31:46 [restartedMain] INFO  o.s.b.d.env.DevToolsPropertyDefaultsPostProcessor -For additional web related logging consider setting the 'logging.level.web' property to 'DEBUG'
2020-05-10 12:31:48 [restartedMain] INFO  o.s.boot.web.embedded.tomcat.TomcatWebServer -Tomcat initialized with port(s): 9090 (https)
2020-05-10 12:31:48 [restartedMain] INFO  org.apache.catalina.core.StandardService -Starting service [Tomcat]
2020-05-10 12:31:48 [restartedMain] INFO  org.apache.catalina.core.StandardEngine -Starting Servlet engine: [Apache Tomcat/9.0.33]
2020-05-10 12:31:48 [restartedMain] INFO  o.a.c.core.ContainerBase.[Tomcat].[localhost].[/] -Initializing Spring embedded WebApplicationContext
2020-05-10 12:31:48 [restartedMain] INFO  org.springframework.web.context.ContextLoader -Root WebApplicationContext: initialization completed in 2015 ms
2020-05-10 12:31:49 [restartedMain] INFO  s.d.s.w.PropertySourcedRequestMappingHandlerMapping -Mapped URL path [/v2/api-docs] onto method [springfox.documentation.swagger2.web.Swagger2Controller#getDocumentation(String, HttpServletRequest)]
2020-05-10 12:31:49 [restartedMain] INFO  o.s.scheduling.concurrent.ThreadPoolTaskExecutor -Initializing ExecutorService 'applicationTaskExecutor'
2020-05-10 12:31:49 [restartedMain] INFO  o.s.b.d.autoconfigure.OptionalLiveReloadServer -LiveReload server is running on port 35729
2020-05-10 12:31:50 [restartedMain] INFO  s.d.s.web.plugins.DocumentationPluginsBootstrapper -Context refreshed
2020-05-10 12:31:50 [restartedMain] INFO  s.d.s.web.plugins.DocumentationPluginsBootstrapper -Found 1 custom documentation plugin(s)
2020-05-10 12:31:50 [restartedMain] INFO  s.d.spring.web.scanners.ApiListingReferenceScanner -Scanning for api listing references
2020-05-10 12:31:50 [restartedMain] WARN  s.d.s.w.readers.parameter.ParameterDataTypeReader -Trying to infer dataType java.lang.Integer[]
2020-05-10 12:31:50 [restartedMain] INFO  s.d.s.w.r.operation.CachingOperationNameGenerator -Generating unique operation named: deleteUserUsingDELETE_1
2020-05-10 12:31:51 [restartedMain] INFO  o.s.boot.web.embedded.tomcat.TomcatWebServer -Tomcat started on port(s): 9090 (https) with context path ''
2020-05-10 12:31:51 [restartedMain] INFO  com.shu.mpadmin.MpadminApplication -Started MpadminApplication in 5.3 seconds (JVM running for 7.655)
2020-05-10 12:32:08 [https-jsse-nio-9090-exec-4] INFO  o.a.c.core.ContainerBase.[Tomcat].[localhost].[/] -Initializing Spring DispatcherServlet 'dispatcherServlet'
2020-05-10 12:32:08 [https-jsse-nio-9090-exec-4] INFO  org.springframework.web.servlet.DispatcherServlet -Initializing Servlet 'dispatcherServlet'
2020-05-10 12:32:08 [https-jsse-nio-9090-exec-4] INFO  org.springframework.web.servlet.DispatcherServlet -Completed initialization in 11 ms
2020-05-10 12:32:20 [https-jsse-nio-9090-exec-5] INFO  com.shu.mpadmin.controller.MpUserController -分页查询所有用户信息,/shu/admin/getAllUser
2020-05-10 12:32:20 [https-jsse-nio-9090-exec-5] INFO  com.zaxxer.hikari.HikariDataSource -HikariPool-1 - Starting...
2020-05-10 12:32:20 [https-jsse-nio-9090-exec-5] WARN  com.zaxxer.hikari.util.DriverDataSource -Registered driver with driverClassName=com.mysql.jdbc.Driver was not found, trying direct instantiation.
2020-05-10 12:32:20 [https-jsse-nio-9090-exec-5] INFO  com.zaxxer.hikari.HikariDataSource -HikariPool-1 - Start completed.
2020-05-10 12:33:07 [https-jsse-nio-9090-exec-8] INFO  com.shu.mpadmin.controller.MpUserController -分页查询所有用户信息,/shu/admin/getAllUser
2020-05-10 12:33:28 [https-jsse-nio-9090-exec-7] INFO  com.shu.mpadmin.controller.MpUserController -分页查询所有用户信息,/shu/admin/getAllUser
2020-05-10 12:34:15 [https-jsse-nio-9090-exec-10] INFO  com.shu.mpadmin.controller.MpUserController -分页查询所有用户信息,/shu/admin/getAllUser
2020-05-10 12:36:18 [https-jsse-nio-9090-exec-6] INFO  com.shu.mpadmin.controller.MpUserController -分页查询所有用户信息,/shu/admin/getAllUser
2020-05-10 12:36:40 [https-jsse-nio-9090-exec-9] INFO  com.shu.mpadmin.controller.MpUserController -分页查询所有用户信息,/shu/admin/getAllUser
2020-05-10 12:39:35 [restartedMain] INFO  com.shu.mpadmin.MpadminApplication -Starting MpadminApplication on DESKTOP-PLOGNTV with PID 10904 (D:\IDEA_WORK\mpadmin\target\classes started by Administrator in D:\IDEA_WORK\mpadmin)
2020-05-10 12:39:35 [restartedMain] INFO  com.shu.mpadmin.MpadminApplication -No active profile set, falling back to default profiles: default
2020-05-10 12:39:35 [restartedMain] INFO  o.s.b.d.env.DevToolsPropertyDefaultsPostProcessor -Devtools property defaults active! Set 'spring.devtools.add-properties' to 'false' to disable
2020-05-10 12:39:35 [restartedMain] INFO  o.s.b.d.env.DevToolsPropertyDefaultsPostProcessor -For additional web related logging consider setting the 'logging.level.web' property to 'DEBUG'
2020-05-10 12:39:37 [restartedMain] INFO  o.s.boot.web.embedded.tomcat.TomcatWebServer -Tomcat initialized with port(s): 9090 (https)
2020-05-10 12:39:37 [restartedMain] INFO  org.apache.catalina.core.StandardService -Starting service [Tomcat]
2020-05-10 12:39:37 [restartedMain] INFO  org.apache.catalina.core.StandardEngine -Starting Servlet engine: [Apache Tomcat/9.0.33]
2020-05-10 12:39:38 [restartedMain] INFO  o.a.c.core.ContainerBase.[Tomcat].[localhost].[/] -Initializing Spring embedded WebApplicationContext
2020-05-10 12:39:38 [restartedMain] INFO  org.springframework.web.context.ContextLoader -Root WebApplicationContext: initialization completed in 2404 ms
2020-05-10 12:39:39 [restartedMain] INFO  s.d.s.w.PropertySourcedRequestMappingHandlerMapping -Mapped URL path [/v2/api-docs] onto method [springfox.documentation.swagger2.web.Swagger2Controller#getDocumentation(String, HttpServletRequest)]
2020-05-10 12:39:39 [restartedMain] INFO  o.s.scheduling.concurrent.ThreadPoolTaskExecutor -Initializing ExecutorService 'applicationTaskExecutor'
2020-05-10 12:39:39 [restartedMain] INFO  o.s.b.d.autoconfigure.OptionalLiveReloadServer -LiveReload server is running on port 35729
2020-05-10 12:39:39 [restartedMain] INFO  s.d.s.web.plugins.DocumentationPluginsBootstrapper -Context refreshed
2020-05-10 12:39:39 [restartedMain] INFO  s.d.s.web.plugins.DocumentationPluginsBootstrapper -Found 1 custom documentation plugin(s)
2020-05-10 12:39:39 [restartedMain] INFO  s.d.spring.web.scanners.ApiListingReferenceScanner -Scanning for api listing references
2020-05-10 12:39:39 [restartedMain] WARN  s.d.s.w.readers.parameter.ParameterDataTypeReader -Trying to infer dataType java.lang.Integer[]
2020-05-10 12:39:39 [restartedMain] INFO  s.d.s.w.r.operation.CachingOperationNameGenerator -Generating unique operation named: deleteUserUsingDELETE_1
2020-05-10 12:39:40 [restartedMain] INFO  o.s.boot.web.embedded.tomcat.TomcatWebServer -Tomcat started on port(s): 9090 (https) with context path ''
2020-05-10 12:39:40 [restartedMain] INFO  com.shu.mpadmin.MpadminApplication -Started MpadminApplication in 5.787 seconds (JVM running for 8.399)
2020-05-10 12:40:17 [https-jsse-nio-9090-exec-4] INFO  o.a.c.core.ContainerBase.[Tomcat].[localhost].[/] -Initializing Spring DispatcherServlet 'dispatcherServlet'
2020-05-10 12:40:17 [https-jsse-nio-9090-exec-4] INFO  org.springframework.web.servlet.DispatcherServlet -Initializing Servlet 'dispatcherServlet'
2020-05-10 12:40:17 [https-jsse-nio-9090-exec-4] INFO  org.springframework.web.servlet.DispatcherServlet -Completed initialization in 11 ms
2020-05-10 12:40:17 [https-jsse-nio-9090-exec-4] INFO  com.shu.mpadmin.controller.MpUserController -分页查询所有用户信息,/shu/admin/getAllUser
2020-05-10 12:40:17 [https-jsse-nio-9090-exec-4] ERROR o.a.c.c.C.[.[localhost].[/].[dispatcherServlet] -Servlet.service() for servlet [dispatcherServlet] in context with path [] threw exception [Request processing failed; nested exception is java.lang.NullPointerException] with root cause
java.lang.NullPointerException: null
	at com.shu.mpadmin.controller.admin.MpUserApi.getAllUser(MpUserApi.java:119)
	at sun.reflect.NativeMethodAccessorImpl.invoke0(Native Method)
	at sun.reflect.NativeMethodAccessorImpl.invoke(NativeMethodAccessorImpl.java:62)
	at sun.reflect.DelegatingMethodAccessorImpl.invoke(DelegatingMethodAccessorImpl.java:43)
	at java.lang.reflect.Method.invoke(Method.java:498)
	at org.springframework.web.method.support.InvocableHandlerMethod.doInvoke(InvocableHandlerMethod.java:190)
	at org.springframework.web.method.support.InvocableHandlerMethod.invokeForRequest(InvocableHandlerMethod.java:138)
	at org.springframework.web.servlet.mvc.method.annotation.ServletInvocableHandlerMethod.invokeAndHandle(ServletInvocableHandlerMethod.java:105)
	at org.springframework.web.servlet.mvc.method.annotation.RequestMappingHandlerAdapter.invokeHandlerMethod(RequestMappingHandlerAdapter.java:879)
	at org.springframework.web.servlet.mvc.method.annotation.RequestMappingHandlerAdapter.handleInternal(RequestMappingHandlerAdapter.java:793)
	at org.springframework.web.servlet.mvc.method.AbstractHandlerMethodAdapter.handle(AbstractHandlerMethodAdapter.java:87)
	at org.springframework.web.servlet.DispatcherServlet.doDispatch(DispatcherServlet.java:1040)
	at org.springframework.web.servlet.DispatcherServlet.doService(DispatcherServlet.java:943)
	at org.springframework.web.servlet.FrameworkServlet.processRequest(FrameworkServlet.java:1006)
	at org.springframework.web.servlet.FrameworkServlet.doGet(FrameworkServlet.java:898)
	at javax.servlet.http.HttpServlet.service(HttpServlet.java:634)
	at org.springframework.web.servlet.FrameworkServlet.service(FrameworkServlet.java:883)
	at javax.servlet.http.HttpServlet.service(HttpServlet.java:741)
	at org.apache.catalina.core.ApplicationFilterChain.internalDoFilter(ApplicationFilterChain.java:231)
	at org.apache.catalina.core.ApplicationFilterChain.doFilter(ApplicationFilterChain.java:166)
	at org.apache.tomcat.websocket.server.WsFilter.doFilter(WsFilter.java:53)
	at org.apache.catalina.core.ApplicationFilterChain.internalDoFilter(ApplicationFilterChain.java:193)
	at org.apache.catalina.core.ApplicationFilterChain.doFilter(ApplicationFilterChain.java:166)
	at org.springframework.web.filter.RequestContextFilter.doFilterInternal(RequestContextFilter.java:100)
	at org.springframework.web.filter.OncePerRequestFilter.doFilter(OncePerRequestFilter.java:119)
	at org.apache.catalina.core.ApplicationFilterChain.internalDoFilter(ApplicationFilterChain.java:193)
	at org.apache.catalina.core.ApplicationFilterChain.doFilter(ApplicationFilterChain.java:166)
	at org.springframework.web.filter.FormContentFilter.doFilterInternal(FormContentFilter.java:93)
	at org.springframework.web.filter.OncePerRequestFilter.doFilter(OncePerRequestFilter.java:119)
	at org.apache.catalina.core.ApplicationFilterChain.internalDoFilter(ApplicationFilterChain.java:193)
	at org.apache.catalina.core.ApplicationFilterChain.doFilter(ApplicationFilterChain.java:166)
	at org.springframework.web.filter.CharacterEncodingFilter.doFilterInternal(CharacterEncodingFilter.java:201)
	at org.springframework.web.filter.OncePerRequestFilter.doFilter(OncePerRequestFilter.java:119)
	at org.apache.catalina.core.ApplicationFilterChain.internalDoFilter(ApplicationFilterChain.java:193)
	at org.apache.catalina.core.ApplicationFilterChain.doFilter(ApplicationFilterChain.java:166)
	at org.apache.catalina.core.StandardWrapperValve.invoke(StandardWrapperValve.java:202)
	at org.apache.catalina.core.StandardContextValve.invoke(StandardContextValve.java:96)
	at org.apache.catalina.authenticator.AuthenticatorBase.invoke(AuthenticatorBase.java:541)
	at org.apache.catalina.core.StandardHostValve.invoke(StandardHostValve.java:139)
	at org.apache.catalina.valves.ErrorReportValve.invoke(ErrorReportValve.java:92)
	at org.apache.catalina.core.StandardEngineValve.invoke(StandardEngineValve.java:74)
	at org.apache.catalina.connector.CoyoteAdapter.service(CoyoteAdapter.java:343)
	at org.apache.coyote.http11.Http11Processor.service(Http11Processor.java:373)
	at org.apache.coyote.AbstractProcessorLight.process(AbstractProcessorLight.java:65)
	at org.apache.coyote.AbstractProtocol$ConnectionHandler.process(AbstractProtocol.java:868)
	at org.apache.tomcat.util.net.NioEndpoint$SocketProcessor.doRun(NioEndpoint.java:1594)
	at org.apache.tomcat.util.net.SocketProcessorBase.run(SocketProcessorBase.java:49)
	at java.util.concurrent.ThreadPoolExecutor.runWorker(ThreadPoolExecutor.java:1142)
	at java.util.concurrent.ThreadPoolExecutor$Worker.run(ThreadPoolExecutor.java:617)
	at org.apache.tomcat.util.threads.TaskThread$WrappingRunnable.run(TaskThread.java:61)
	at java.lang.Thread.run(Thread.java:745)
2020-05-10 12:40:57 [https-jsse-nio-9090-exec-8] INFO  com.shu.mpadmin.controller.MpUserController -分页查询所有用户信息,/shu/admin/getAllUser
2020-05-10 12:40:57 [https-jsse-nio-9090-exec-8] INFO  com.zaxxer.hikari.HikariDataSource -HikariPool-1 - Starting...
2020-05-10 12:40:57 [https-jsse-nio-9090-exec-8] WARN  com.zaxxer.hikari.util.DriverDataSource -Registered driver with driverClassName=com.mysql.jdbc.Driver was not found, trying direct instantiation.
2020-05-10 12:40:57 [https-jsse-nio-9090-exec-8] INFO  com.zaxxer.hikari.HikariDataSource -HikariPool-1 - Start completed.
2020-05-10 12:41:15 [https-jsse-nio-9090-exec-9] INFO  com.shu.mpadmin.controller.MpUserController -分页查询所有用户信息,/shu/admin/getAllUser
2020-05-10 12:49:45 [https-jsse-nio-9090-exec-4] INFO  com.shu.mpadmin.controller.MpUserController -分页查询所有用户信息,/shu/admin/getAllUser
2020-05-10 12:49:49 [https-jsse-nio-9090-exec-5] INFO  com.shu.mpadmin.controller.MpUserController -分页查询所有用户信息,/shu/admin/getAllUser
2020-05-10 12:50:14 [https-jsse-nio-9090-exec-7] INFO  com.shu.mpadmin.controller.MpUserController -分页查询所有用户信息,/shu/admin/getAllUser
2020-05-10 12:50:17 [https-jsse-nio-9090-exec-6] INFO  com.shu.mpadmin.controller.MpUserController -分页查询所有用户信息,/shu/admin/getAllUser
2020-05-10 12:50:26 [https-jsse-nio-9090-exec-8] INFO  com.shu.mpadmin.controller.MpUserController -分页查询所有用户信息,/shu/admin/getAllUser
2020-05-10 12:50:31 [https-jsse-nio-9090-exec-9] INFO  com.shu.mpadmin.controller.MpUserController -分页查询所有用户信息,/shu/admin/getAllUser
2020-05-10 12:50:33 [https-jsse-nio-9090-exec-10] INFO  com.shu.mpadmin.controller.MpUserController -分页查询所有用户信息,/shu/admin/getAllUser
2020-05-10 12:50:35 [https-jsse-nio-9090-exec-1] INFO  com.shu.mpadmin.controller.MpUserController -分页查询所有用户信息,/shu/admin/getAllUser
2020-05-10 12:50:36 [https-jsse-nio-9090-exec-2] INFO  com.shu.mpadmin.controller.MpUserController -分页查询所有用户信息,/shu/admin/getAllUser
2020-05-10 12:50:38 [https-jsse-nio-9090-exec-3] INFO  com.shu.mpadmin.controller.MpUserController -分页查询所有用户信息,/shu/admin/getAllUser
2020-05-10 12:50:41 [https-jsse-nio-9090-exec-4] INFO  com.shu.mpadmin.controller.MpUserController -分页查询所有用户信息,/shu/admin/getAllUser
2020-05-10 12:50:42 [https-jsse-nio-9090-exec-5] INFO  com.shu.mpadmin.controller.MpUserController -分页查询所有用户信息,/shu/admin/getAllUser
2020-05-10 12:50:44 [https-jsse-nio-9090-exec-7] INFO  com.shu.mpadmin.controller.MpUserController -分页查询所有用户信息,/shu/admin/getAllUser
2020-05-10 12:50:44 [https-jsse-nio-9090-exec-6] INFO  com.shu.mpadmin.controller.MpUserController -分页查询所有用户信息,/shu/admin/getAllUser
2020-05-10 12:50:46 [https-jsse-nio-9090-exec-8] INFO  com.shu.mpadmin.controller.MpUserController -分页查询所有用户信息,/shu/admin/getAllUser
2020-05-10 12:50:48 [https-jsse-nio-9090-exec-9] INFO  com.shu.mpadmin.controller.MpUserController -分页查询所有用户信息,/shu/admin/getAllUser
2020-05-10 12:50:49 [https-jsse-nio-9090-exec-10] INFO  com.shu.mpadmin.controller.MpUserController -分页查询所有用户信息,/shu/admin/getAllUser
2020-05-10 12:50:50 [https-jsse-nio-9090-exec-1] INFO  com.shu.mpadmin.controller.MpUserController -分页查询所有用户信息,/shu/admin/getAllUser
2020-05-10 12:50:51 [https-jsse-nio-9090-exec-2] INFO  com.shu.mpadmin.controller.MpUserController -分页查询所有用户信息,/shu/admin/getAllUser
2020-05-10 12:50:54 [https-jsse-nio-9090-exec-3] INFO  com.shu.mpadmin.controller.MpUserController -分页查询所有用户信息,/shu/admin/getAllUser
2020-05-10 13:03:25 [restartedMain] INFO  com.shu.mpadmin.MpadminApplication -Starting MpadminApplication on DESKTOP-PLOGNTV with PID 13140 (D:\IDEA_WORK\mpadmin\target\classes started by Administrator in D:\IDEA_WORK\mpadmin)
2020-05-10 13:03:25 [restartedMain] INFO  com.shu.mpadmin.MpadminApplication -No active profile set, falling back to default profiles: default
2020-05-10 13:03:25 [restartedMain] INFO  o.s.b.d.env.DevToolsPropertyDefaultsPostProcessor -Devtools property defaults active! Set 'spring.devtools.add-properties' to 'false' to disable
2020-05-10 13:03:25 [restartedMain] INFO  o.s.b.d.env.DevToolsPropertyDefaultsPostProcessor -For additional web related logging consider setting the 'logging.level.web' property to 'DEBUG'
2020-05-10 13:03:27 [restartedMain] INFO  o.s.boot.web.embedded.tomcat.TomcatWebServer -Tomcat initialized with port(s): 9090 (https)
2020-05-10 13:03:27 [restartedMain] INFO  org.apache.catalina.core.StandardService -Starting service [Tomcat]
2020-05-10 13:03:27 [restartedMain] INFO  org.apache.catalina.core.StandardEngine -Starting Servlet engine: [Apache Tomcat/9.0.33]
2020-05-10 13:03:27 [restartedMain] INFO  o.a.c.core.ContainerBase.[Tomcat].[localhost].[/] -Initializing Spring embedded WebApplicationContext
2020-05-10 13:03:27 [restartedMain] INFO  org.springframework.web.context.ContextLoader -Root WebApplicationContext: initialization completed in 2062 ms
2020-05-10 13:03:28 [restartedMain] INFO  s.d.s.w.PropertySourcedRequestMappingHandlerMapping -Mapped URL path [/v2/api-docs] onto method [springfox.documentation.swagger2.web.Swagger2Controller#getDocumentation(String, HttpServletRequest)]
2020-05-10 13:03:28 [restartedMain] INFO  o.s.scheduling.concurrent.ThreadPoolTaskExecutor -Initializing ExecutorService 'applicationTaskExecutor'
2020-05-10 13:03:28 [restartedMain] INFO  o.s.b.d.autoconfigure.OptionalLiveReloadServer -LiveReload server is running on port 35729
2020-05-10 13:03:28 [restartedMain] INFO  s.d.s.web.plugins.DocumentationPluginsBootstrapper -Context refreshed
2020-05-10 13:03:28 [restartedMain] INFO  s.d.s.web.plugins.DocumentationPluginsBootstrapper -Found 1 custom documentation plugin(s)
2020-05-10 13:03:28 [restartedMain] INFO  s.d.spring.web.scanners.ApiListingReferenceScanner -Scanning for api listing references
2020-05-10 13:03:28 [restartedMain] WARN  s.d.s.w.readers.parameter.ParameterDataTypeReader -Trying to infer dataType java.lang.Integer[]
2020-05-10 13:03:28 [restartedMain] INFO  s.d.s.w.r.operation.CachingOperationNameGenerator -Generating unique operation named: deleteUserUsingDELETE_1
2020-05-10 13:03:29 [restartedMain] INFO  o.s.boot.web.embedded.tomcat.TomcatWebServer -Tomcat started on port(s): 9090 (https) with context path ''
2020-05-10 13:03:29 [restartedMain] INFO  com.shu.mpadmin.MpadminApplication -Started MpadminApplication in 5.387 seconds (JVM running for 8.066)
2020-05-10 13:07:18 [https-jsse-nio-9090-exec-4] INFO  o.a.c.core.ContainerBase.[Tomcat].[localhost].[/] -Initializing Spring DispatcherServlet 'dispatcherServlet'
2020-05-10 13:07:18 [https-jsse-nio-9090-exec-4] INFO  org.springframework.web.servlet.DispatcherServlet -Initializing Servlet 'dispatcherServlet'
2020-05-10 13:07:18 [https-jsse-nio-9090-exec-4] INFO  org.springframework.web.servlet.DispatcherServlet -Completed initialization in 7 ms
2020-05-10 13:07:18 [https-jsse-nio-9090-exec-4] INFO  com.shu.mpadmin.controller.MpUserController -后台登录接口,/shu/admin/login,参数：userName = suichen, passWord=1234567
2020-05-10 13:07:19 [https-jsse-nio-9090-exec-4] INFO  com.zaxxer.hikari.HikariDataSource -HikariPool-1 - Starting...
2020-05-10 13:07:19 [https-jsse-nio-9090-exec-4] WARN  com.zaxxer.hikari.util.DriverDataSource -Registered driver with driverClassName=com.mysql.jdbc.Driver was not found, trying direct instantiation.
2020-05-10 13:07:19 [https-jsse-nio-9090-exec-4] INFO  com.zaxxer.hikari.HikariDataSource -HikariPool-1 - Start completed.
2020-05-10 13:07:21 [https-jsse-nio-9090-exec-5] INFO  com.shu.mpadmin.controller.MpUserController -分页查询所有用户信息,/shu/admin/getAllUser，param: currentPage=1, pageSize=10
2020-05-10 13:07:24 [https-jsse-nio-9090-exec-6] INFO  com.shu.mpadmin.controller.MpUserController -分页查询所有用户信息,/shu/admin/getAllUser，param: currentPage=1, pageSize=5
2020-05-10 13:07:27 [https-jsse-nio-9090-exec-7] INFO  com.shu.mpadmin.controller.MpUserController -分页查询所有用户信息,/shu/admin/getAllUser，param: currentPage=2, pageSize=5
2020-05-10 13:07:28 [https-jsse-nio-9090-exec-8] INFO  com.shu.mpadmin.controller.MpUserController -分页查询所有用户信息,/shu/admin/getAllUser，param: currentPage=1, pageSize=5
2020-05-10 13:07:30 [https-jsse-nio-9090-exec-9] INFO  com.shu.mpadmin.controller.MpUserController -分页查询所有用户信息,/shu/admin/getAllUser，param: currentPage=1, pageSize=10
2020-05-10 13:07:33 [https-jsse-nio-9090-exec-10] INFO  com.shu.mpadmin.controller.MpUserController -分页查询所有用户信息,/shu/admin/getAllUser，param: currentPage=1, pageSize=5
2020-05-10 13:07:34 [https-jsse-nio-9090-exec-1] INFO  com.shu.mpadmin.controller.MpUserController -分页查询所有用户信息,/shu/admin/getAllUser，param: currentPage=2, pageSize=5
2020-05-10 13:07:36 [https-jsse-nio-9090-exec-2] INFO  com.shu.mpadmin.controller.MpUserController -分页查询所有用户信息,/shu/admin/getAllUser，param: currentPage=1, pageSize=5
2020-05-10 13:07:37 [https-jsse-nio-9090-exec-3] INFO  com.shu.mpadmin.controller.MpUserController -分页查询所有用户信息,/shu/admin/getAllUser，param: currentPage=2, pageSize=5
2020-05-10 13:07:38 [https-jsse-nio-9090-exec-4] INFO  com.shu.mpadmin.controller.MpUserController -分页查询所有用户信息,/shu/admin/getAllUser，param: currentPage=1, pageSize=5
2020-05-10 13:07:44 [https-jsse-nio-9090-exec-5] INFO  com.shu.mpadmin.controller.MpUserController -分页查询所有Exam测试,/shu/admin/getAllExam, param: currentPage=1, pageSize=10
2020-05-10 13:07:47 [https-jsse-nio-9090-exec-6] INFO  com.shu.mpadmin.controller.MpUserController -分页查询所有Exam测试,/shu/admin/getAllExam, param: currentPage=1, pageSize=5
2020-05-10 13:07:58 [https-jsse-nio-9090-exec-7] INFO  com.shu.mpadmin.controller.MpUserController -分页查询Exam测试下的Question题库,/shu/admin/getQuestionByExamId.参数examId = 1,currentPage=1,pageSize=10
2020-05-10 13:08:01 [https-jsse-nio-9090-exec-8] INFO  com.shu.mpadmin.controller.MpUserController -分页查询Exam测试下的Question题库,/shu/admin/getQuestionByExamId.参数examId = 1,currentPage=1,pageSize=5
2020-05-10 13:08:07 [https-jsse-nio-9090-exec-9] INFO  com.shu.mpadmin.controller.MpUserController -分页查询Exam测试下的Question题库,/shu/admin/getQuestionByExamId.参数examId = 1,currentPage=2,pageSize=5
2020-05-10 13:08:09 [https-jsse-nio-9090-exec-10] INFO  com.shu.mpadmin.controller.MpUserController -分页查询Exam测试下的Question题库,/shu/admin/getQuestionByExamId.参数examId = 1,currentPage=3,pageSize=5
2020-05-10 13:08:09 [https-jsse-nio-9090-exec-1] INFO  com.shu.mpadmin.controller.MpUserController -分页查询Exam测试下的Question题库,/shu/admin/getQuestionByExamId.参数examId = 1,currentPage=4,pageSize=5
2020-05-10 13:08:10 [https-jsse-nio-9090-exec-2] INFO  com.shu.mpadmin.controller.MpUserController -分页查询Exam测试下的Question题库,/shu/admin/getQuestionByExamId.参数examId = 1,currentPage=5,pageSize=5
2020-05-10 13:08:10 [https-jsse-nio-9090-exec-3] INFO  com.shu.mpadmin.controller.MpUserController -分页查询Exam测试下的Question题库,/shu/admin/getQuestionByExamId.参数examId = 1,currentPage=6,pageSize=5
2020-05-10 13:08:12 [https-jsse-nio-9090-exec-4] INFO  com.shu.mpadmin.controller.MpUserController -分页查询Exam测试下的Question题库,/shu/admin/getQuestionByExamId.参数examId = 1,currentPage=5,pageSize=5
2020-05-10 13:08:13 [https-jsse-nio-9090-exec-5] INFO  com.shu.mpadmin.controller.MpUserController -分页查询Exam测试下的Question题库,/shu/admin/getQuestionByExamId.参数examId = 1,currentPage=2,pageSize=5
2020-05-10 13:08:14 [https-jsse-nio-9090-exec-6] INFO  com.shu.mpadmin.controller.MpUserController -分页查询Exam测试下的Question题库,/shu/admin/getQuestionByExamId.参数examId = 1,currentPage=2,pageSize=10
2020-05-10 13:08:15 [https-jsse-nio-9090-exec-7] INFO  com.shu.mpadmin.controller.MpUserController -分页查询Exam测试下的Question题库,/shu/admin/getQuestionByExamId.参数examId = 1,currentPage=3,pageSize=10
2020-05-10 13:08:17 [https-jsse-nio-9090-exec-8] INFO  com.shu.mpadmin.controller.MpUserController -分页查询Exam测试下的Question题库,/shu/admin/getQuestionByExamId.参数examId = 1,currentPage=1,pageSize=10
2020-05-10 13:08:17 [https-jsse-nio-9090-exec-9] INFO  com.shu.mpadmin.controller.MpUserController -分页查询Exam测试下的Question题库,/shu/admin/getQuestionByExamId.参数examId = 1,currentPage=2,pageSize=10
2020-05-10 13:08:19 [https-jsse-nio-9090-exec-10] INFO  com.shu.mpadmin.controller.MpUserController -分页查询Exam测试下的Question题库,/shu/admin/getQuestionByExamId.参数examId = 1,currentPage=2,pageSize=5
2020-05-10 13:08:20 [https-jsse-nio-9090-exec-1] INFO  com.shu.mpadmin.controller.MpUserController -分页查询Exam测试下的Question题库,/shu/admin/getQuestionByExamId.参数examId = 1,currentPage=5,pageSize=5
2020-05-10 13:08:21 [https-jsse-nio-9090-exec-2] INFO  com.shu.mpadmin.controller.MpUserController -分页查询Exam测试下的Question题库,/shu/admin/getQuestionByExamId.参数examId = 1,currentPage=5,pageSize=10
2020-05-10 13:08:21 [https-jsse-nio-9090-exec-3] INFO  com.shu.mpadmin.controller.MpUserController -分页查询Exam测试下的Question题库,/shu/admin/getQuestionByExamId.参数examId = 1,currentPage=3,pageSize=10
2020-05-10 13:08:24 [https-jsse-nio-9090-exec-4] INFO  com.shu.mpadmin.controller.MpUserController -分页查询Exam测试下的Question题库,/shu/admin/getQuestionByExamId.参数examId = 1,currentPage=3,pageSize=5
2020-05-10 13:08:25 [https-jsse-nio-9090-exec-5] INFO  com.shu.mpadmin.controller.MpUserController -分页查询Exam测试下的Question题库,/shu/admin/getQuestionByExamId.参数examId = 1,currentPage=4,pageSize=5
2020-05-10 13:08:27 [https-jsse-nio-9090-exec-6] INFO  com.shu.mpadmin.controller.MpUserController -分页查询Exam测试下的Question题库,/shu/admin/getQuestionByExamId.参数examId = 1,currentPage=4,pageSize=10
2020-05-10 13:08:27 [https-jsse-nio-9090-exec-7] INFO  com.shu.mpadmin.controller.MpUserController -分页查询Exam测试下的Question题库,/shu/admin/getQuestionByExamId.参数examId = 1,currentPage=3,pageSize=10
2020-05-10 13:08:31 [https-jsse-nio-9090-exec-8] INFO  com.shu.mpadmin.controller.MpUserController -分页查询Exam测试下的Question题库,/shu/admin/getQuestionByExamId.参数examId = 1,currentPage=3,pageSize=5
2020-05-10 13:08:35 [https-jsse-nio-9090-exec-9] INFO  com.shu.mpadmin.controller.MpUserController -分页查询Exam测试下的Question题库,/shu/admin/getQuestionByExamId.参数examId = 1,currentPage=6,pageSize=5
2020-05-10 13:08:38 [https-jsse-nio-9090-exec-10] INFO  com.shu.mpadmin.controller.MpUserController -分页查询Exam测试下的Question题库,/shu/admin/getQuestionByExamId.参数examId = 1,currentPage=1,pageSize=5
2020-05-10 13:08:41 [https-jsse-nio-9090-exec-1] INFO  com.shu.mpadmin.controller.MpUserController -分页查询Exam测试下的Question题库,/shu/admin/getQuestionByExamId.参数examId = 1,currentPage=1,pageSize=10
2020-05-10 13:09:04 [https-jsse-nio-9090-exec-2] INFO  com.shu.mpadmin.controller.MpUserController -分页查询Exam测试下的Question题库,/shu/admin/getQuestionByExamId.参数examId = 1,currentPage=2,pageSize=10
2020-05-10 13:09:04 [https-jsse-nio-9090-exec-3] INFO  com.shu.mpadmin.controller.MpUserController -分页查询Exam测试下的Question题库,/shu/admin/getQuestionByExamId.参数examId = 1,currentPage=3,pageSize=10
2020-05-10 13:09:05 [https-jsse-nio-9090-exec-4] INFO  com.shu.mpadmin.controller.MpUserController -分页查询Exam测试下的Question题库,/shu/admin/getQuestionByExamId.参数examId = 1,currentPage=2,pageSize=10
2020-05-10 13:09:06 [https-jsse-nio-9090-exec-5] INFO  com.shu.mpadmin.controller.MpUserController -分页查询Exam测试下的Question题库,/shu/admin/getQuestionByExamId.参数examId = 1,currentPage=3,pageSize=10
2020-05-10 13:09:14 [https-jsse-nio-9090-exec-6] INFO  com.shu.mpadmin.controller.MpUserController -分页查询Exam测试下的Question题库,/shu/admin/getQuestionByExamId.参数examId = 1,currentPage=3,pageSize=20
2020-05-10 13:09:14 [https-jsse-nio-9090-exec-7] INFO  com.shu.mpadmin.controller.MpUserController -分页查询Exam测试下的Question题库,/shu/admin/getQuestionByExamId.参数examId = 1,currentPage=2,pageSize=20
2020-05-10 13:09:18 [https-jsse-nio-9090-exec-8] INFO  com.shu.mpadmin.controller.MpUserController -分页查询Exam测试下的Question题库,/shu/admin/getQuestionByExamId.参数examId = 1,currentPage=2,pageSize=5
2020-05-10 13:09:24 [https-jsse-nio-9090-exec-9] INFO  com.shu.mpadmin.controller.MpUserController -分页查询Exam测试下的Question题库,/shu/admin/getQuestionByExamId.参数examId = 1,currentPage=2,pageSize=10
2020-05-10 13:09:26 [https-jsse-nio-9090-exec-10] INFO  com.shu.mpadmin.controller.MpUserController -分页查询Exam测试下的Question题库,/shu/admin/getQuestionByExamId.参数examId = 1,currentPage=1,pageSize=10
2020-05-10 13:09:28 [https-jsse-nio-9090-exec-1] INFO  com.shu.mpadmin.controller.MpUserController -分页查询Exam测试下的Question题库,/shu/admin/getQuestionByExamId.参数examId = 1,currentPage=1,pageSize=30
2020-05-10 13:09:40 [https-jsse-nio-9090-exec-2] INFO  com.shu.mpadmin.controller.MpUserController -分页查询Exam测试下的Question题库,/shu/admin/getQuestionByExamId.参数examId = 1,currentPage=1,pageSize=20
2020-05-10 13:09:42 [https-jsse-nio-9090-exec-3] INFO  com.shu.mpadmin.controller.MpUserController -分页查询Exam测试下的Question题库,/shu/admin/getQuestionByExamId.参数examId = 1,currentPage=2,pageSize=20
2020-05-10 13:09:44 [https-jsse-nio-9090-exec-4] INFO  com.shu.mpadmin.controller.MpUserController -分页查询Exam测试下的Question题库,/shu/admin/getQuestionByExamId.参数examId = 1,currentPage=1,pageSize=20
2020-05-10 13:09:47 [https-jsse-nio-9090-exec-5] INFO  com.shu.mpadmin.controller.MpUserController -分页查询Exam测试下的Question题库,/shu/admin/getQuestionByExamId.参数examId = 1,currentPage=1,pageSize=10
2020-05-10 13:28:24 [https-jsse-nio-9090-exec-10] INFO  com.shu.mpadmin.controller.MpUserController -分页查询Exam测试下的Question题库,/shu/admin/getQuestionByExamId.参数examId = 1,currentPage=2,pageSize=10
2020-05-10 13:28:25 [https-jsse-nio-9090-exec-1] INFO  com.shu.mpadmin.controller.MpUserController -分页查询Exam测试下的Question题库,/shu/admin/getQuestionByExamId.参数examId = 1,currentPage=3,pageSize=10
2020-05-10 13:28:26 [https-jsse-nio-9090-exec-2] INFO  com.shu.mpadmin.controller.MpUserController -分页查询Exam测试下的Question题库,/shu/admin/getQuestionByExamId.参数examId = 1,currentPage=1,pageSize=10
2020-05-10 13:28:30 [https-jsse-nio-9090-exec-3] INFO  com.shu.mpadmin.controller.MpUserController -查询Exam测试,/shu/admin/exam,参数 examId =1
2020-05-10 13:28:34 [https-jsse-nio-9090-exec-4] INFO  com.shu.mpadmin.controller.MpUserController -分页查询所有用户信息,/shu/admin/getAllUser，param: currentPage=1, pageSize=10
2020-05-10 13:29:08 [https-jsse-nio-9090-exec-5] INFO  com.shu.mpadmin.controller.MpUserController -分页查询所有Exam测试,/shu/admin/getAllExam, param: currentPage=1, pageSize=10
2020-05-10 13:29:13 [https-jsse-nio-9090-exec-6] INFO  com.shu.mpadmin.controller.MpUserController -分页查询Exam测试下的Question题库,/shu/admin/getQuestionByExamId.参数examId = 1,currentPage=1,pageSize=10
2020-05-10 13:29:24 [https-jsse-nio-9090-exec-7] INFO  com.shu.mpadmin.controller.MpUserController -查询Exam测试,/shu/admin/exam,参数 examId =1
2020-05-10 13:29:30 [https-jsse-nio-9090-exec-8] INFO  com.shu.mpadmin.controller.MpUserController -分页查询所有Exam测试,/shu/admin/getAllExam, param: currentPage=1, pageSize=10
2020-05-10 13:29:32 [https-jsse-nio-9090-exec-9] INFO  com.shu.mpadmin.controller.MpUserController -分页查询Exam测试下的Question题库,/shu/admin/getQuestionByExamId.参数examId = 1,currentPage=1,pageSize=10
2020-05-10 13:33:31 [https-jsse-nio-9090-exec-4] INFO  com.shu.mpadmin.controller.MpUserController -分页查询Exam测试下的Question题库,/shu/admin/getQuestionByExamId.参数examId = 1,currentPage=1,pageSize=10
2020-05-10 13:33:35 [https-jsse-nio-9090-exec-5] INFO  com.shu.mpadmin.controller.MpUserController -查询Exam测试,/shu/admin/exam,参数 examId =1
2020-05-10 13:33:38 [https-jsse-nio-9090-exec-6] INFO  com.shu.mpadmin.controller.MpUserController -查询Exam测试,/shu/admin/exam,参数 examId =1
2020-05-10 13:33:39 [https-jsse-nio-9090-exec-7] INFO  com.shu.mpadmin.controller.MpUserController -分页查询Exam测试下的Question题库,/shu/admin/getQuestionByExamId.参数examId = 1,currentPage=1,pageSize=10
2020-05-10 13:33:42 [https-jsse-nio-9090-exec-8] INFO  com.shu.mpadmin.controller.MpUserController -查询Exam测试,/shu/admin/exam,参数 examId =1
2020-05-10 13:33:55 [https-jsse-nio-9090-exec-9] INFO  com.shu.mpadmin.controller.MpUserController -查询Exam测试,/shu/admin/exam,参数 examId =1
2020-05-10 13:34:03 [https-jsse-nio-9090-exec-10] INFO  com.shu.mpadmin.controller.MpUserController -查询Exam测试,/shu/admin/exam,参数 examId =1
2020-05-10 13:34:21 [https-jsse-nio-9090-exec-1] INFO  com.shu.mpadmin.controller.MpUserController -查询Exam测试,/shu/admin/exam,参数 examId =1
2020-05-10 13:34:22 [https-jsse-nio-9090-exec-2] INFO  com.shu.mpadmin.controller.MpUserController -查询Exam测试,/shu/admin/exam,参数 examId =1
2020-05-10 13:34:24 [https-jsse-nio-9090-exec-3] INFO  com.shu.mpadmin.controller.MpUserController -分页查询所有Exam测试,/shu/admin/getAllExam, param: currentPage=1, pageSize=10
2020-05-10 13:34:27 [https-jsse-nio-9090-exec-4] INFO  com.shu.mpadmin.controller.MpUserController -分页查询Exam测试下的Question题库,/shu/admin/getQuestionByExamId.参数examId = 1,currentPage=1,pageSize=10
2020-05-10 13:34:41 [https-jsse-nio-9090-exec-5] INFO  com.shu.mpadmin.controller.MpUserController -查询Exam测试,/shu/admin/exam,参数 examId =1
2020-05-10 13:34:44 [https-jsse-nio-9090-exec-6] INFO  com.shu.mpadmin.controller.MpUserController -查询Exam测试,/shu/admin/exam,参数 examId =1
2020-05-10 13:34:52 [https-jsse-nio-9090-exec-7] INFO  com.shu.mpadmin.controller.MpUserController -查询Exam测试,/shu/admin/exam,参数 examId =1
2020-05-10 13:34:54 [https-jsse-nio-9090-exec-8] INFO  com.shu.mpadmin.controller.MpUserController -分页查询Exam测试下的Question题库,/shu/admin/getQuestionByExamId.参数examId = 1,currentPage=1,pageSize=10
2020-05-10 13:34:56 [https-jsse-nio-9090-exec-9] INFO  com.shu.mpadmin.controller.MpUserController -分页查询Exam测试下的Question题库,/shu/admin/getQuestionByExamId.参数examId = 1,currentPage=1,pageSize=10
2020-05-10 13:34:58 [https-jsse-nio-9090-exec-10] INFO  com.shu.mpadmin.controller.MpUserController -查询Exam测试,/shu/admin/exam,参数 examId =1
2020-05-10 13:34:59 [https-jsse-nio-9090-exec-1] INFO  com.shu.mpadmin.controller.MpUserController -分页查询Exam测试下的Question题库,/shu/admin/getQuestionByExamId.参数examId = 1,currentPage=1,pageSize=10
2020-05-10 13:35:00 [https-jsse-nio-9090-exec-2] INFO  com.shu.mpadmin.controller.MpUserController -查询Exam测试,/shu/admin/exam,参数 examId =1
2020-05-10 13:35:02 [https-jsse-nio-9090-exec-3] INFO  com.shu.mpadmin.controller.MpUserController -分页查询Exam测试下的Question题库,/shu/admin/getQuestionByExamId.参数examId = 1,currentPage=1,pageSize=10
2020-05-10 13:37:06 [https-jsse-nio-9090-exec-8] INFO  com.shu.mpadmin.controller.MpUserController -查询Exam测试,/shu/admin/exam,参数 examId =1
2020-05-10 13:37:21 [https-jsse-nio-9090-exec-9] INFO  com.shu.mpadmin.controller.MpUserController -分页查询Exam测试下的Question题库,/shu/admin/getQuestionByExamId.参数examId = 1,currentPage=1,pageSize=10
2020-05-10 13:37:28 [https-jsse-nio-9090-exec-10] INFO  com.shu.mpadmin.controller.MpUserController -分页查询所有Exam测试,/shu/admin/getAllExam, param: currentPage=1, pageSize=10
2020-05-10 13:37:36 [https-jsse-nio-9090-exec-1] INFO  com.shu.mpadmin.controller.MpUserController -分页查询Exam测试下的Question题库,/shu/admin/getQuestionByExamId.参数examId = 1,currentPage=1,pageSize=10
2020-05-10 13:37:46 [https-jsse-nio-9090-exec-2] INFO  com.shu.mpadmin.controller.MpUserController -分页查询所有Exam测试,/shu/admin/getAllExam, param: currentPage=1, pageSize=10
2020-05-10 13:37:48 [https-jsse-nio-9090-exec-3] INFO  com.shu.mpadmin.controller.MpUserController -分页查询Exam测试下的Question题库,/shu/admin/getQuestionByExamId.参数examId = 1,currentPage=1,pageSize=10
2020-05-10 13:37:57 [https-jsse-nio-9090-exec-4] INFO  com.shu.mpadmin.controller.MpUserController -分页查询所有Exam测试,/shu/admin/getAllExam, param: currentPage=1, pageSize=10
2020-05-10 13:38:01 [https-jsse-nio-9090-exec-5] INFO  com.shu.mpadmin.controller.MpUserController -分页查询Exam测试下的Question题库,/shu/admin/getQuestionByExamId.参数examId = 1,currentPage=1,pageSize=10
2020-05-10 13:38:08 [https-jsse-nio-9090-exec-6] INFO  com.shu.mpadmin.controller.MpUserController -分页查询所有Exam测试,/shu/admin/getAllExam, param: currentPage=1, pageSize=10
2020-05-10 13:38:15 [https-jsse-nio-9090-exec-7] INFO  com.shu.mpadmin.controller.MpUserController -分页查询Exam测试下的Question题库,/shu/admin/getQuestionByExamId.参数examId = 1,currentPage=1,pageSize=10
2020-05-10 13:39:58 [https-jsse-nio-9090-exec-2] INFO  com.shu.mpadmin.controller.MpUserController -查询Exam测试,/shu/admin/exam,参数 examId =1
2020-05-10 13:40:08 [https-jsse-nio-9090-exec-3] INFO  com.shu.mpadmin.controller.MpUserController -分页查询Exam测试下的Question题库,/shu/admin/getQuestionByExamId.参数examId = 1,currentPage=1,pageSize=10
2020-05-10 13:40:17 [https-jsse-nio-9090-exec-4] INFO  com.shu.mpadmin.controller.MpUserController -分页查询所有Exam测试,/shu/admin/getAllExam, param: currentPage=1, pageSize=10
2020-05-10 13:42:39 [https-jsse-nio-9090-exec-8] INFO  com.shu.mpadmin.controller.MpUserController -分页查询所有Exam测试,/shu/admin/getAllExam, param: currentPage=1, pageSize=10
2020-05-10 13:43:27 [https-jsse-nio-9090-exec-10] INFO  com.shu.mpadmin.controller.MpUserController -分页查询所有Exam测试,/shu/admin/getAllExam, param: currentPage=1, pageSize=10
2020-05-10 13:44:13 [https-jsse-nio-9090-exec-1] INFO  com.shu.mpadmin.controller.MpUserController -分页查询所有Exam测试,/shu/admin/getAllExam, param: currentPage=1, pageSize=10
2020-05-10 13:44:26 [https-jsse-nio-9090-exec-2] INFO  com.shu.mpadmin.controller.MpUserController -分页查询Exam测试下的Question题库,/shu/admin/getQuestionByExamId.参数examId = null,currentPage=1,pageSize=10
2020-05-10 13:44:29 [https-jsse-nio-9090-exec-3] INFO  com.shu.mpadmin.controller.MpUserController -分页查询所有Exam测试,/shu/admin/getAllExam, param: currentPage=1, pageSize=10
2020-05-10 13:44:30 [https-jsse-nio-9090-exec-4] INFO  com.shu.mpadmin.controller.MpUserController -分页查询Exam测试下的Question题库,/shu/admin/getQuestionByExamId.参数examId = null,currentPage=1,pageSize=10
2020-05-10 20:33:20 [restartedMain] INFO  com.shu.mpadmin.MpadminApplication -Starting MpadminApplication on DESKTOP-PLOGNTV with PID 7340 (D:\IDEA_WORK\mpadmin\target\classes started by Administrator in D:\IDEA_WORK\mpadmin)
2020-05-10 20:33:20 [restartedMain] INFO  com.shu.mpadmin.MpadminApplication -No active profile set, falling back to default profiles: default
2020-05-10 20:33:20 [restartedMain] INFO  o.s.b.d.env.DevToolsPropertyDefaultsPostProcessor -Devtools property defaults active! Set 'spring.devtools.add-properties' to 'false' to disable
2020-05-10 20:33:20 [restartedMain] INFO  o.s.b.d.env.DevToolsPropertyDefaultsPostProcessor -For additional web related logging consider setting the 'logging.level.web' property to 'DEBUG'
2020-05-10 20:33:22 [restartedMain] INFO  o.s.boot.web.embedded.tomcat.TomcatWebServer -Tomcat initialized with port(s): 9090 (https)
2020-05-10 20:33:22 [restartedMain] INFO  org.apache.catalina.core.StandardService -Starting service [Tomcat]
2020-05-10 20:33:22 [restartedMain] INFO  org.apache.catalina.core.StandardEngine -Starting Servlet engine: [Apache Tomcat/9.0.33]
2020-05-10 20:33:22 [restartedMain] INFO  o.a.c.core.ContainerBase.[Tomcat].[localhost].[/] -Initializing Spring embedded WebApplicationContext
2020-05-10 20:33:22 [restartedMain] INFO  org.springframework.web.context.ContextLoader -Root WebApplicationContext: initialization completed in 2113 ms
2020-05-10 20:33:23 [restartedMain] INFO  s.d.s.w.PropertySourcedRequestMappingHandlerMapping -Mapped URL path [/v2/api-docs] onto method [springfox.documentation.swagger2.web.Swagger2Controller#getDocumentation(String, HttpServletRequest)]
2020-05-10 20:33:23 [restartedMain] INFO  o.s.scheduling.concurrent.ThreadPoolTaskExecutor -Initializing ExecutorService 'applicationTaskExecutor'
2020-05-10 20:33:23 [restartedMain] INFO  o.s.b.d.autoconfigure.OptionalLiveReloadServer -LiveReload server is running on port 35729
2020-05-10 20:33:24 [restartedMain] INFO  s.d.s.web.plugins.DocumentationPluginsBootstrapper -Context refreshed
2020-05-10 20:33:24 [restartedMain] INFO  s.d.s.web.plugins.DocumentationPluginsBootstrapper -Found 1 custom documentation plugin(s)
2020-05-10 20:33:24 [restartedMain] INFO  s.d.spring.web.scanners.ApiListingReferenceScanner -Scanning for api listing references
2020-05-10 20:33:24 [restartedMain] WARN  s.d.s.w.readers.parameter.ParameterDataTypeReader -Trying to infer dataType java.lang.Integer[]
2020-05-10 20:33:24 [restartedMain] INFO  s.d.s.w.r.operation.CachingOperationNameGenerator -Generating unique operation named: deleteUserUsingDELETE_1
2020-05-10 20:33:24 [restartedMain] INFO  o.s.boot.web.embedded.tomcat.TomcatWebServer -Tomcat started on port(s): 9090 (https) with context path ''
2020-05-10 20:33:24 [restartedMain] INFO  com.shu.mpadmin.MpadminApplication -Started MpadminApplication in 4.981 seconds (JVM running for 7.113)
2020-05-10 20:34:25 [restartedMain] INFO  com.shu.mpadmin.MpadminApplication -Starting MpadminApplication on DESKTOP-PLOGNTV with PID 7928 (D:\IDEA_WORK\mpadmin\target\classes started by Administrator in D:\IDEA_WORK\mpadmin)
2020-05-10 20:34:25 [restartedMain] INFO  com.shu.mpadmin.MpadminApplication -No active profile set, falling back to default profiles: default
2020-05-10 20:34:25 [restartedMain] INFO  o.s.b.d.env.DevToolsPropertyDefaultsPostProcessor -Devtools property defaults active! Set 'spring.devtools.add-properties' to 'false' to disable
2020-05-10 20:34:25 [restartedMain] INFO  o.s.b.d.env.DevToolsPropertyDefaultsPostProcessor -For additional web related logging consider setting the 'logging.level.web' property to 'DEBUG'
2020-05-10 20:34:27 [restartedMain] INFO  o.s.boot.web.embedded.tomcat.TomcatWebServer -Tomcat initialized with port(s): 9090 (https)
2020-05-10 20:34:27 [restartedMain] INFO  org.apache.catalina.core.StandardService -Starting service [Tomcat]
2020-05-10 20:34:27 [restartedMain] INFO  org.apache.catalina.core.StandardEngine -Starting Servlet engine: [Apache Tomcat/9.0.33]
2020-05-10 20:34:27 [restartedMain] INFO  o.a.c.core.ContainerBase.[Tomcat].[localhost].[/] -Initializing Spring embedded WebApplicationContext
2020-05-10 20:34:27 [restartedMain] INFO  org.springframework.web.context.ContextLoader -Root WebApplicationContext: initialization completed in 1641 ms
2020-05-10 20:34:28 [restartedMain] INFO  s.d.s.w.PropertySourcedRequestMappingHandlerMapping -Mapped URL path [/v2/api-docs] onto method [springfox.documentation.swagger2.web.Swagger2Controller#getDocumentation(String, HttpServletRequest)]
2020-05-10 20:34:28 [restartedMain] INFO  o.s.scheduling.concurrent.ThreadPoolTaskExecutor -Initializing ExecutorService 'applicationTaskExecutor'
2020-05-10 20:34:28 [restartedMain] INFO  o.s.b.d.autoconfigure.OptionalLiveReloadServer -LiveReload server is running on port 35729
2020-05-10 20:34:28 [restartedMain] INFO  s.d.s.web.plugins.DocumentationPluginsBootstrapper -Context refreshed
2020-05-10 20:34:28 [restartedMain] INFO  s.d.s.web.plugins.DocumentationPluginsBootstrapper -Found 1 custom documentation plugin(s)
2020-05-10 20:34:28 [restartedMain] INFO  s.d.spring.web.scanners.ApiListingReferenceScanner -Scanning for api listing references
2020-05-10 20:34:28 [restartedMain] WARN  s.d.s.w.readers.parameter.ParameterDataTypeReader -Trying to infer dataType java.lang.Integer[]
2020-05-10 20:34:28 [restartedMain] INFO  s.d.s.w.r.operation.CachingOperationNameGenerator -Generating unique operation named: deleteUserUsingDELETE_1
2020-05-10 20:34:29 [restartedMain] INFO  o.s.boot.web.embedded.tomcat.TomcatWebServer -Tomcat started on port(s): 9090 (https) with context path ''
2020-05-10 20:34:29 [restartedMain] INFO  com.shu.mpadmin.MpadminApplication -Started MpadminApplication in 4.539 seconds (JVM running for 7.775)
2020-05-10 21:24:19 [https-jsse-nio-9090-exec-5] INFO  o.a.c.core.ContainerBase.[Tomcat].[localhost].[/] -Initializing Spring DispatcherServlet 'dispatcherServlet'
2020-05-10 21:24:19 [https-jsse-nio-9090-exec-5] INFO  org.springframework.web.servlet.DispatcherServlet -Initializing Servlet 'dispatcherServlet'
2020-05-10 21:24:19 [https-jsse-nio-9090-exec-5] INFO  org.springframework.web.servlet.DispatcherServlet -Completed initialization in 15 ms
2020-05-10 21:24:19 [https-jsse-nio-9090-exec-5] INFO  com.shu.mpadmin.controller.MpUserController -后台登录接口,/shu/admin/login,参数：userName = suichen, passWord=1234567
2020-05-10 21:24:19 [https-jsse-nio-9090-exec-5] INFO  com.zaxxer.hikari.HikariDataSource -HikariPool-1 - Starting...
2020-05-10 21:24:19 [https-jsse-nio-9090-exec-5] WARN  com.zaxxer.hikari.util.DriverDataSource -Registered driver with driverClassName=com.mysql.jdbc.Driver was not found, trying direct instantiation.
2020-05-10 21:24:20 [https-jsse-nio-9090-exec-5] INFO  com.zaxxer.hikari.HikariDataSource -HikariPool-1 - Start completed.
2020-05-10 21:24:22 [https-jsse-nio-9090-exec-6] INFO  com.shu.mpadmin.controller.MpUserController -分页查询所有Exam测试,/shu/admin/getAllExam, param: currentPage=1, pageSize=10
2020-05-10 21:24:23 [https-jsse-nio-9090-exec-7] INFO  com.shu.mpadmin.controller.MpUserController -分页查询Exam测试下的Question题库,/shu/admin/getQuestionByExamId.参数examId = null,currentPage=1,pageSize=10
2020-05-10 21:25:31 [https-jsse-nio-9090-exec-1] INFO  com.shu.mpadmin.controller.MpUserController -分页查询Exam测试下的Question题库,/shu/admin/getQuestionByExamId.param:currentPage=1,pageSize=10
2020-05-10 21:25:34 [https-jsse-nio-9090-exec-3] INFO  com.shu.mpadmin.controller.MpUserController -分页查询Exam测试下的Question题库,/shu/admin/getQuestionByExamId.param:currentPage=3,pageSize=10
2020-05-10 21:25:35 [https-jsse-nio-9090-exec-4] INFO  com.shu.mpadmin.controller.MpUserController -分页查询Exam测试下的Question题库,/shu/admin/getQuestionByExamId.param:currentPage=1,pageSize=10
2020-05-10 21:25:51 [https-jsse-nio-9090-exec-5] INFO  com.shu.mpadmin.controller.MpUserController -分页查询所有Exam测试,/shu/admin/getAllExam, param: currentPage=1, pageSize=10
2020-05-10 21:25:54 [https-jsse-nio-9090-exec-6] INFO  com.shu.mpadmin.controller.MpUserController -分页查询Exam测试下的Question题库,/shu/admin/getQuestionByExamId.param:currentPage=1,pageSize=10
2020-05-10 21:25:54 [https-jsse-nio-9090-exec-7] INFO  com.shu.mpadmin.controller.MpUserController -分页查询所有Exam测试,/shu/admin/getAllExam, param: currentPage=1, pageSize=10
2020-05-10 21:25:56 [https-jsse-nio-9090-exec-8] INFO  com.shu.mpadmin.controller.MpUserController -分页查询Exam测试下的Question题库,/shu/admin/getQuestionByExamId.param:currentPage=1,pageSize=10
2020-05-10 21:25:58 [https-jsse-nio-9090-exec-9] INFO  com.shu.mpadmin.controller.MpUserController -分页查询所有Exam测试,/shu/admin/getAllExam, param: currentPage=1, pageSize=10
2020-05-10 21:25:58 [https-jsse-nio-9090-exec-10] INFO  com.shu.mpadmin.controller.MpUserController -分页查询Exam测试下的Question题库,/shu/admin/getQuestionByExamId.param:currentPage=1,pageSize=10
2020-05-10 21:26:12 [https-jsse-nio-9090-exec-2] INFO  com.shu.mpadmin.controller.MpUserController -分页查询所有Exam测试,/shu/admin/getAllExam, param: currentPage=1, pageSize=10
2020-05-10 21:26:14 [https-jsse-nio-9090-exec-1] INFO  com.shu.mpadmin.controller.MpUserController -分页查询Exam测试下的Question题库,/shu/admin/getQuestionByExamId.参数examId = 1,currentPage=1,pageSize=10
2020-05-10 21:26:17 [https-jsse-nio-9090-exec-3] INFO  com.shu.mpadmin.controller.MpUserController -查询Exam测试,/shu/admin/exam,参数 examId =1
2020-05-10 21:26:19 [https-jsse-nio-9090-exec-4] INFO  com.shu.mpadmin.controller.MpUserController -分页查询Exam测试下的Question题库,/shu/admin/getQuestionByExamId.参数examId = 1,currentPage=1,pageSize=10
2020-05-10 21:26:20 [https-jsse-nio-9090-exec-5] INFO  com.shu.mpadmin.controller.MpUserController -分页查询Exam测试下的Question题库,/shu/admin/getQuestionByExamId.参数examId = 1,currentPage=3,pageSize=10
2020-05-10 21:26:27 [https-jsse-nio-9090-exec-6] INFO  com.shu.mpadmin.controller.MpUserController -分页查询Exam测试下的Question题库,/shu/admin/getQuestionByExamId.参数examId = 1,currentPage=1,pageSize=10
2020-05-10 21:28:08 [https-jsse-nio-9090-exec-2] INFO  com.shu.mpadmin.controller.MpUserController -分页查询Exam测试下的Question题库,/shu/admin/getQuestionByExamId.param:currentPage=1,pageSize=10
2020-05-10 21:28:08 [https-jsse-nio-9090-exec-1] INFO  com.shu.mpadmin.controller.MpUserController -分页查询所有Exam测试,/shu/admin/getAllExam, param: currentPage=1, pageSize=10
2020-05-10 21:28:09 [https-jsse-nio-9090-exec-3] INFO  com.shu.mpadmin.controller.MpUserController -分页查询Exam测试下的Question题库,/shu/admin/getQuestionByExamId.param:currentPage=1,pageSize=10
2020-05-10 21:28:10 [https-jsse-nio-9090-exec-4] INFO  com.shu.mpadmin.controller.MpUserController -分页查询所有Exam测试,/shu/admin/getAllExam, param: currentPage=1, pageSize=10
2020-05-10 21:28:11 [https-jsse-nio-9090-exec-5] INFO  com.shu.mpadmin.controller.MpUserController -分页查询Exam测试下的Question题库,/shu/admin/getQuestionByExamId.param:currentPage=1,pageSize=10
2020-05-10 21:28:13 [https-jsse-nio-9090-exec-6] INFO  com.shu.mpadmin.controller.MpUserController -分页查询所有Exam测试,/shu/admin/getAllExam, param: currentPage=1, pageSize=10
2020-05-10 21:28:17 [https-jsse-nio-9090-exec-7] INFO  com.shu.mpadmin.controller.MpUserController -分页查询Exam测试下的Question题库,/shu/admin/getQuestionByExamId.参数examId = 1,currentPage=1,pageSize=10
2020-05-10 21:28:22 [https-jsse-nio-9090-exec-8] INFO  com.shu.mpadmin.controller.MpUserController -查询Exam测试,/shu/admin/exam,参数 examId =1
2020-05-10 21:28:24 [https-jsse-nio-9090-exec-9] INFO  com.shu.mpadmin.controller.MpUserController -分页查询Exam测试下的Question题库,/shu/admin/getQuestionByExamId.参数examId = 1,currentPage=1,pageSize=10
2020-05-10 21:28:32 [https-jsse-nio-9090-exec-10] INFO  com.shu.mpadmin.controller.MpUserController -查询Exam测试,/shu/admin/exam,参数 examId =1
2020-05-10 21:28:33 [https-jsse-nio-9090-exec-2] INFO  com.shu.mpadmin.controller.MpUserController -分页查询Exam测试下的Question题库,/shu/admin/getQuestionByExamId.参数examId = 1,currentPage=1,pageSize=10
2020-05-10 21:28:35 [https-jsse-nio-9090-exec-1] INFO  com.shu.mpadmin.controller.MpUserController -查询Exam测试,/shu/admin/exam,参数 examId =1
2020-05-10 21:28:35 [https-jsse-nio-9090-exec-3] INFO  com.shu.mpadmin.controller.MpUserController -分页查询Exam测试下的Question题库,/shu/admin/getQuestionByExamId.参数examId = 1,currentPage=1,pageSize=10
2020-05-10 21:28:35 [https-jsse-nio-9090-exec-4] INFO  com.shu.mpadmin.controller.MpUserController -分页查询所有Exam测试,/shu/admin/getAllExam, param: currentPage=1, pageSize=10
2020-05-10 21:28:35 [https-jsse-nio-9090-exec-5] INFO  com.shu.mpadmin.controller.MpUserController -分页查询Exam测试下的Question题库,/shu/admin/getQuestionByExamId.param:currentPage=1,pageSize=10
2020-05-10 21:28:36 [https-jsse-nio-9090-exec-6] INFO  com.shu.mpadmin.controller.MpUserController -分页查询所有Exam测试,/shu/admin/getAllExam, param: currentPage=1, pageSize=10
2020-05-10 21:28:41 [https-jsse-nio-9090-exec-7] INFO  com.shu.mpadmin.controller.MpUserController -分页查询Exam测试下的Question题库,/shu/admin/getQuestionByExamId.param:currentPage=1,pageSize=10
2020-05-10 21:28:42 [https-jsse-nio-9090-exec-8] INFO  com.shu.mpadmin.controller.MpUserController -分页查询所有Exam测试,/shu/admin/getAllExam, param: currentPage=1, pageSize=10
2020-05-10 21:29:27 [https-jsse-nio-9090-exec-9] INFO  com.shu.mpadmin.controller.MpUserController -分页查询Exam测试下的Question题库,/shu/admin/getQuestionByExamId.param:currentPage=1,pageSize=10
2020-05-10 21:29:27 [https-jsse-nio-9090-exec-10] INFO  com.shu.mpadmin.controller.MpUserController -分页查询所有Exam测试,/shu/admin/getAllExam, param: currentPage=1, pageSize=10
2020-05-10 21:29:39 [https-jsse-nio-9090-exec-2] INFO  com.shu.mpadmin.controller.MpUserController -分页查询Exam测试下的Question题库,/shu/admin/getQuestionByExamId.参数examId = 1,currentPage=1,pageSize=10
2020-05-10 21:29:44 [https-jsse-nio-9090-exec-1] INFO  com.shu.mpadmin.controller.MpUserController -分页查询Exam测试下的Question题库,/shu/admin/getQuestionByExamId.参数examId = 1,currentPage=3,pageSize=10
2020-05-10 21:29:45 [https-jsse-nio-9090-exec-3] INFO  com.shu.mpadmin.controller.MpUserController -分页查询Exam测试下的Question题库,/shu/admin/getQuestionByExamId.参数examId = 1,currentPage=2,pageSize=10
2020-05-10 21:29:46 [https-jsse-nio-9090-exec-4] INFO  com.shu.mpadmin.controller.MpUserController -分页查询Exam测试下的Question题库,/shu/admin/getQuestionByExamId.参数examId = 1,currentPage=1,pageSize=10
2020-05-10 21:29:47 [https-jsse-nio-9090-exec-5] INFO  com.shu.mpadmin.controller.MpUserController -分页查询Exam测试下的Question题库,/shu/admin/getQuestionByExamId.参数examId = 1,currentPage=2,pageSize=10
2020-05-10 21:29:48 [https-jsse-nio-9090-exec-6] INFO  com.shu.mpadmin.controller.MpUserController -分页查询Exam测试下的Question题库,/shu/admin/getQuestionByExamId.参数examId = 1,currentPage=3,pageSize=10
2020-05-10 21:29:49 [https-jsse-nio-9090-exec-7] INFO  com.shu.mpadmin.controller.MpUserController -分页查询Exam测试下的Question题库,/shu/admin/getQuestionByExamId.参数examId = 1,currentPage=1,pageSize=10
2020-05-10 21:29:49 [https-jsse-nio-9090-exec-8] INFO  com.shu.mpadmin.controller.MpUserController -分页查询Exam测试下的Question题库,/shu/admin/getQuestionByExamId.参数examId = 1,currentPage=2,pageSize=10
2020-05-10 21:29:50 [https-jsse-nio-9090-exec-9] INFO  com.shu.mpadmin.controller.MpUserController -分页查询Exam测试下的Question题库,/shu/admin/getQuestionByExamId.参数examId = 1,currentPage=3,pageSize=10
2020-05-10 21:29:54 [https-jsse-nio-9090-exec-10] INFO  com.shu.mpadmin.controller.MpUserController -分页查询Exam测试下的Question题库,/shu/admin/getQuestionByExamId.参数examId = 1,currentPage=1,pageSize=10
2020-05-10 21:29:55 [https-jsse-nio-9090-exec-2] INFO  com.shu.mpadmin.controller.MpUserController -分页查询Exam测试下的Question题库,/shu/admin/getQuestionByExamId.参数examId = 1,currentPage=2,pageSize=10
2020-05-10 21:29:55 [https-jsse-nio-9090-exec-1] INFO  com.shu.mpadmin.controller.MpUserController -分页查询Exam测试下的Question题库,/shu/admin/getQuestionByExamId.参数examId = 1,currentPage=3,pageSize=10
2020-05-10 21:30:02 [https-jsse-nio-9090-exec-3] INFO  com.shu.mpadmin.controller.MpUserController -分页查询所有Exam测试,/shu/admin/getAllExam, param: currentPage=1, pageSize=10
2020-05-10 21:30:12 [https-jsse-nio-9090-exec-4] INFO  com.shu.mpadmin.controller.MpUserController -分页查询Exam测试下的Question题库,/shu/admin/getQuestionByExamId.param:currentPage=1,pageSize=10
2020-05-10 21:30:28 [https-jsse-nio-9090-exec-5] INFO  com.shu.mpadmin.controller.MpUserController -分页查询所有Exam测试,/shu/admin/getAllExam, param: currentPage=1, pageSize=10
2020-05-10 21:30:29 [https-jsse-nio-9090-exec-6] INFO  com.shu.mpadmin.controller.MpUserController -分页查询Exam测试下的Question题库,/shu/admin/getQuestionByExamId.参数examId = 1,currentPage=1,pageSize=10
2020-05-10 21:30:31 [https-jsse-nio-9090-exec-7] INFO  com.shu.mpadmin.controller.MpUserController -分页查询所有Exam测试,/shu/admin/getAllExam, param: currentPage=1, pageSize=10
2020-05-10 21:30:31 [https-jsse-nio-9090-exec-8] INFO  com.shu.mpadmin.controller.MpUserController -分页查询Exam测试下的Question题库,/shu/admin/getQuestionByExamId.param:currentPage=1,pageSize=10
2020-05-10 21:30:34 [https-jsse-nio-9090-exec-9] INFO  com.shu.mpadmin.controller.MpUserController -分页查询所有Exam测试,/shu/admin/getAllExam, param: currentPage=1, pageSize=10
2020-05-10 21:30:53 [https-jsse-nio-9090-exec-10] INFO  com.shu.mpadmin.controller.MpUserController -分页查询Exam测试下的Question题库,/shu/admin/getQuestionByExamId.param:currentPage=1,pageSize=10
2020-05-10 21:30:55 [https-jsse-nio-9090-exec-2] INFO  com.shu.mpadmin.controller.MpUserController -分页查询所有Exam测试,/shu/admin/getAllExam, param: currentPage=1, pageSize=10
2020-05-10 21:31:03 [https-jsse-nio-9090-exec-1] INFO  com.shu.mpadmin.controller.MpUserController -分页查询Exam测试下的Question题库,/shu/admin/getQuestionByExamId.param:currentPage=1,pageSize=10
2020-05-10 21:31:04 [https-jsse-nio-9090-exec-3] INFO  com.shu.mpadmin.controller.MpUserController -分页查询所有Exam测试,/shu/admin/getAllExam, param: currentPage=1, pageSize=10
2020-05-10 21:31:12 [https-jsse-nio-9090-exec-4] INFO  com.shu.mpadmin.controller.MpUserController -分页查询Exam测试下的Question题库,/shu/admin/getQuestionByExamId.param:currentPage=1,pageSize=10
2020-05-10 21:31:12 [https-jsse-nio-9090-exec-5] INFO  com.shu.mpadmin.controller.MpUserController -分页查询所有Exam测试,/shu/admin/getAllExam, param: currentPage=1, pageSize=10
2020-05-10 21:31:15 [https-jsse-nio-9090-exec-6] INFO  com.shu.mpadmin.controller.MpUserController -分页查询Exam测试下的Question题库,/shu/admin/getQuestionByExamId.param:currentPage=1,pageSize=10
2020-05-10 21:31:21 [https-jsse-nio-9090-exec-7] INFO  com.shu.mpadmin.controller.MpUserController -分页查询所有Exam测试,/shu/admin/getAllExam, param: currentPage=1, pageSize=10
2020-05-10 21:31:24 [https-jsse-nio-9090-exec-8] INFO  com.shu.mpadmin.controller.MpUserController -分页查询Exam测试下的Question题库,/shu/admin/getQuestionByExamId.param:currentPage=1,pageSize=10
2020-05-10 21:31:24 [https-jsse-nio-9090-exec-9] INFO  com.shu.mpadmin.controller.MpUserController -分页查询所有Exam测试,/shu/admin/getAllExam, param: currentPage=1, pageSize=10
2020-05-10 21:31:26 [https-jsse-nio-9090-exec-10] INFO  com.shu.mpadmin.controller.MpUserController -分页查询Exam测试下的Question题库,/shu/admin/getQuestionByExamId.param:currentPage=1,pageSize=10
2020-05-10 21:31:28 [https-jsse-nio-9090-exec-2] INFO  com.shu.mpadmin.controller.MpUserController -分页查询所有Exam测试,/shu/admin/getAllExam, param: currentPage=1, pageSize=10
2020-05-10 21:31:29 [https-jsse-nio-9090-exec-1] INFO  com.shu.mpadmin.controller.MpUserController -分页查询Exam测试下的Question题库,/shu/admin/getQuestionByExamId.param:currentPage=1,pageSize=10
2020-05-10 21:33:26 [https-jsse-nio-9090-exec-7] INFO  com.shu.mpadmin.controller.MpUserController -分页查询Exam测试下的Question题库,/shu/admin/getQuestionByExamId.param:currentPage=3,pageSize=10
2020-05-10 21:33:27 [https-jsse-nio-9090-exec-8] INFO  com.shu.mpadmin.controller.MpUserController -分页查询Exam测试下的Question题库,/shu/admin/getQuestionByExamId.param:currentPage=2,pageSize=10
2020-05-10 21:33:28 [https-jsse-nio-9090-exec-9] INFO  com.shu.mpadmin.controller.MpUserController -分页查询Exam测试下的Question题库,/shu/admin/getQuestionByExamId.param:currentPage=1,pageSize=10
2020-05-10 21:33:32 [https-jsse-nio-9090-exec-10] INFO  com.shu.mpadmin.controller.MpUserController -分页查询Exam测试下的Question题库,/shu/admin/getQuestionByExamId.param:currentPage=2,pageSize=10
2020-05-10 21:33:33 [https-jsse-nio-9090-exec-2] INFO  com.shu.mpadmin.controller.MpUserController -分页查询Exam测试下的Question题库,/shu/admin/getQuestionByExamId.param:currentPage=3,pageSize=10
2020-05-10 21:33:34 [https-jsse-nio-9090-exec-1] INFO  com.shu.mpadmin.controller.MpUserController -分页查询Exam测试下的Question题库,/shu/admin/getQuestionByExamId.param:currentPage=1,pageSize=10
2020-05-10 21:33:34 [https-jsse-nio-9090-exec-3] INFO  com.shu.mpadmin.controller.MpUserController -分页查询Exam测试下的Question题库,/shu/admin/getQuestionByExamId.param:currentPage=2,pageSize=10
2020-05-10 21:33:35 [https-jsse-nio-9090-exec-4] INFO  com.shu.mpadmin.controller.MpUserController -分页查询Exam测试下的Question题库,/shu/admin/getQuestionByExamId.param:currentPage=3,pageSize=10
2020-05-10 21:33:35 [https-jsse-nio-9090-exec-5] INFO  com.shu.mpadmin.controller.MpUserController -分页查询Exam测试下的Question题库,/shu/admin/getQuestionByExamId.param:currentPage=1,pageSize=10
2020-05-10 21:33:36 [https-jsse-nio-9090-exec-6] INFO  com.shu.mpadmin.controller.MpUserController -分页查询Exam测试下的Question题库,/shu/admin/getQuestionByExamId.param:currentPage=2,pageSize=10
2020-05-10 21:33:36 [https-jsse-nio-9090-exec-7] INFO  com.shu.mpadmin.controller.MpUserController -分页查询Exam测试下的Question题库,/shu/admin/getQuestionByExamId.param:currentPage=3,pageSize=10
2020-05-10 21:33:37 [https-jsse-nio-9090-exec-8] INFO  com.shu.mpadmin.controller.MpUserController -分页查询Exam测试下的Question题库,/shu/admin/getQuestionByExamId.param:currentPage=2,pageSize=10
2020-05-10 21:33:38 [https-jsse-nio-9090-exec-9] INFO  com.shu.mpadmin.controller.MpUserController -分页查询Exam测试下的Question题库,/shu/admin/getQuestionByExamId.param:currentPage=1,pageSize=10
2020-05-10 21:33:38 [https-jsse-nio-9090-exec-10] INFO  com.shu.mpadmin.controller.MpUserController -分页查询Exam测试下的Question题库,/shu/admin/getQuestionByExamId.param:currentPage=2,pageSize=10
2020-05-10 21:33:40 [https-jsse-nio-9090-exec-2] INFO  com.shu.mpadmin.controller.MpUserController -分页查询Exam测试下的Question题库,/shu/admin/getQuestionByExamId.param:currentPage=1,pageSize=10
2020-05-10 21:33:40 [https-jsse-nio-9090-exec-1] INFO  com.shu.mpadmin.controller.MpUserController -分页查询Exam测试下的Question题库,/shu/admin/getQuestionByExamId.param:currentPage=2,pageSize=10
2020-05-10 21:33:40 [https-jsse-nio-9090-exec-3] INFO  com.shu.mpadmin.controller.MpUserController -分页查询Exam测试下的Question题库,/shu/admin/getQuestionByExamId.param:currentPage=3,pageSize=10
2020-05-10 21:33:41 [https-jsse-nio-9090-exec-4] INFO  com.shu.mpadmin.controller.MpUserController -分页查询Exam测试下的Question题库,/shu/admin/getQuestionByExamId.param:currentPage=2,pageSize=10
2020-05-10 21:33:41 [https-jsse-nio-9090-exec-5] INFO  com.shu.mpadmin.controller.MpUserController -分页查询Exam测试下的Question题库,/shu/admin/getQuestionByExamId.param:currentPage=1,pageSize=10
2020-05-10 21:33:42 [https-jsse-nio-9090-exec-6] INFO  com.shu.mpadmin.controller.MpUserController -分页查询Exam测试下的Question题库,/shu/admin/getQuestionByExamId.param:currentPage=2,pageSize=10
2020-05-10 21:33:42 [https-jsse-nio-9090-exec-7] INFO  com.shu.mpadmin.controller.MpUserController -分页查询Exam测试下的Question题库,/shu/admin/getQuestionByExamId.param:currentPage=1,pageSize=10
2020-05-10 21:33:43 [https-jsse-nio-9090-exec-8] INFO  com.shu.mpadmin.controller.MpUserController -分页查询Exam测试下的Question题库,/shu/admin/getQuestionByExamId.param:currentPage=2,pageSize=10
2020-05-10 21:33:43 [https-jsse-nio-9090-exec-9] INFO  com.shu.mpadmin.controller.MpUserController -分页查询Exam测试下的Question题库,/shu/admin/getQuestionByExamId.param:currentPage=3,pageSize=10
2020-05-10 21:33:43 [https-jsse-nio-9090-exec-10] INFO  com.shu.mpadmin.controller.MpUserController -分页查询Exam测试下的Question题库,/shu/admin/getQuestionByExamId.param:currentPage=2,pageSize=10
2020-05-10 21:33:44 [https-jsse-nio-9090-exec-2] INFO  com.shu.mpadmin.controller.MpUserController -分页查询Exam测试下的Question题库,/shu/admin/getQuestionByExamId.param:currentPage=1,pageSize=10
2020-05-10 21:33:44 [https-jsse-nio-9090-exec-1] INFO  com.shu.mpadmin.controller.MpUserController -分页查询Exam测试下的Question题库,/shu/admin/getQuestionByExamId.param:currentPage=2,pageSize=10
2020-05-10 21:33:44 [https-jsse-nio-9090-exec-3] INFO  com.shu.mpadmin.controller.MpUserController -分页查询Exam测试下的Question题库,/shu/admin/getQuestionByExamId.param:currentPage=3,pageSize=10
2020-05-10 21:33:45 [https-jsse-nio-9090-exec-4] INFO  com.shu.mpadmin.controller.MpUserController -分页查询Exam测试下的Question题库,/shu/admin/getQuestionByExamId.param:currentPage=2,pageSize=10
2020-05-10 21:33:45 [https-jsse-nio-9090-exec-5] INFO  com.shu.mpadmin.controller.MpUserController -分页查询Exam测试下的Question题库,/shu/admin/getQuestionByExamId.param:currentPage=1,pageSize=10
2020-05-10 21:33:46 [https-jsse-nio-9090-exec-6] INFO  com.shu.mpadmin.controller.MpUserController -分页查询Exam测试下的Question题库,/shu/admin/getQuestionByExamId.param:currentPage=2,pageSize=10
2020-05-10 21:33:46 [https-jsse-nio-9090-exec-7] INFO  com.shu.mpadmin.controller.MpUserController -分页查询Exam测试下的Question题库,/shu/admin/getQuestionByExamId.param:currentPage=3,pageSize=10
2020-05-10 21:33:47 [https-jsse-nio-9090-exec-8] INFO  com.shu.mpadmin.controller.MpUserController -分页查询Exam测试下的Question题库,/shu/admin/getQuestionByExamId.param:currentPage=1,pageSize=10
2020-05-10 21:33:49 [https-jsse-nio-9090-exec-9] INFO  com.shu.mpadmin.controller.MpUserController -分页查询Exam测试下的Question题库,/shu/admin/getQuestionByExamId.param:currentPage=2,pageSize=10
2020-05-10 21:33:49 [https-jsse-nio-9090-exec-10] INFO  com.shu.mpadmin.controller.MpUserController -分页查询Exam测试下的Question题库,/shu/admin/getQuestionByExamId.param:currentPage=3,pageSize=10
2020-05-10 21:33:50 [https-jsse-nio-9090-exec-2] INFO  com.shu.mpadmin.controller.MpUserController -分页查询Exam测试下的Question题库,/shu/admin/getQuestionByExamId.param:currentPage=1,pageSize=10
2020-05-10 21:40:35 [https-jsse-nio-9090-exec-6] INFO  com.shu.mpadmin.controller.MpUserController -分页查询Exam测试下的Question题库,/shu/admin/getQuestionByExamId.param:currentPage=1,pageSize=10
2020-05-10 21:43:50 [https-jsse-nio-9090-exec-2] INFO  com.shu.mpadmin.controller.MpUserController -分页查询Exam测试下的Question题库,/shu/admin/getQuestionByExamId.param:currentPage=1,pageSize=10
2020-05-10 21:44:44 [https-jsse-nio-9090-exec-1] INFO  com.shu.mpadmin.controller.MpUserController -分页查询Exam测试下的Question题库,/shu/admin/getQuestionByExamId.param:currentPage=1,pageSize=10
2020-05-10 21:45:07 [https-jsse-nio-9090-exec-3] INFO  com.shu.mpadmin.controller.MpUserController -分页查询Exam测试下的Question题库,/shu/admin/getQuestionByExamId.param:currentPage=1,pageSize=10
2020-05-10 21:45:16 [https-jsse-nio-9090-exec-4] INFO  com.shu.mpadmin.controller.MpUserController -分页查询Exam测试下的Question题库,/shu/admin/getQuestionByExamId.param:currentPage=1,pageSize=10
2020-05-10 21:45:37 [https-jsse-nio-9090-exec-5] INFO  com.shu.mpadmin.controller.MpUserController -分页查询Exam测试下的Question题库,/shu/admin/getQuestionByExamId.param:currentPage=1,pageSize=10
2020-05-10 21:45:40 [https-jsse-nio-9090-exec-6] INFO  com.shu.mpadmin.controller.MpUserController -分页查询Exam测试下的Question题库,/shu/admin/getQuestionByExamId.param:currentPage=1,pageSize=10
2020-05-10 21:45:42 [https-jsse-nio-9090-exec-7] INFO  com.shu.mpadmin.controller.MpUserController -分页查询所有Exam测试,/shu/admin/getAllExam, param: currentPage=1, pageSize=10
2020-05-10 21:45:47 [https-jsse-nio-9090-exec-8] INFO  com.shu.mpadmin.controller.MpUserController -分页查询Exam测试下的Question题库,/shu/admin/getQuestionByExamId.param:currentPage=1,pageSize=10
2020-05-10 21:45:52 [https-jsse-nio-9090-exec-9] INFO  com.shu.mpadmin.controller.MpUserController -分页查询所有Exam测试,/shu/admin/getAllExam, param: currentPage=1, pageSize=10
2020-05-10 21:45:53 [https-jsse-nio-9090-exec-10] INFO  com.shu.mpadmin.controller.MpUserController -分页查询Exam测试下的Question题库,/shu/admin/getQuestionByExamId.param:currentPage=1,pageSize=10
2020-05-10 21:46:22 [https-jsse-nio-9090-exec-2] INFO  com.shu.mpadmin.controller.MpUserController -分页查询所有用户信息,/shu/admin/getAllUser，param: currentPage=1, pageSize=10
2020-05-10 21:47:03 [https-jsse-nio-9090-exec-1] INFO  com.shu.mpadmin.controller.MpUserController -分页查询Exam测试下的Question题库,/shu/admin/getQuestionByExamId.param:currentPage=1,pageSize=10
2020-05-10 21:47:07 [https-jsse-nio-9090-exec-3] INFO  com.shu.mpadmin.controller.MpUserController -分页查询Exam测试下的Question题库,/shu/admin/getQuestionByExamId.param:currentPage=1,pageSize=10
2020-05-10 21:49:47 [https-jsse-nio-9090-exec-7] INFO  com.shu.mpadmin.controller.MpUserController -分页查询Exam测试下的Question题库,/shu/admin/getQuestionByExamId.param:currentPage=1,pageSize=10
2020-05-10 21:50:39 [https-jsse-nio-9090-exec-9] INFO  com.shu.mpadmin.controller.MpUserController -分页查询Exam测试下的Question题库,/shu/admin/getQuestionByExamId.param:currentPage=1,pageSize=10
2020-05-10 21:52:42 [https-jsse-nio-9090-exec-4] INFO  com.shu.mpadmin.controller.MpUserController -分页查询Exam测试下的Question题库,/shu/admin/getQuestionByExamId.param:currentPage=1,pageSize=10
2020-05-10 21:52:47 [https-jsse-nio-9090-exec-5] INFO  com.shu.mpadmin.controller.MpUserController -分页查询Exam测试下的Question题库,/shu/admin/getQuestionByExamId.param:currentPage=1,pageSize=10
